Flow report for vga_char
Sat Nov 23 13:33:08 2024
Quartus Prime Version 23.1std.1 Build 993 05/14/2024 SC Lite Edition


---------------------
; Table of Contents ;
---------------------
  1. Legal Notice
  2. Flow Summary
  3. Flow Settings
  4. Flow Non-Default Global Settings
  5. Flow Elapsed Time
  6. Flow OS Summary
  7. Flow Log
  8. Flow Messages
  9. Flow Suppressed Messages



----------------
; Legal Notice ;
----------------
Copyright (C) 2024  Intel Corporation. All rights reserved.
Your use of Intel Corporation's design tools, logic functions 
and other software and tools, and any partner logic 
functions, and any output files from any of the foregoing 
(including device programming or simulation files), and any 
associated documentation or information are expressly subject 
to the terms and conditions of the Intel Program License 
Subscription Agreement, the Intel Quartus Prime License Agreement,
the Intel FPGA IP License Agreement, or other applicable license
agreement, including, without limitation, that your use is for
the sole purpose of programming logic devices manufactured by
Intel and sold by Intel or its authorized distributors.  Please
refer to the applicable agreement for further details, at
https://fpgasoftware.intel.com/eula.



+-------------------------------------------------------------------------------------+
; Flow Summary                                                                        ;
+------------------------------------+------------------------------------------------+
; Flow Status                        ; Successful - Sat Nov 23 13:33:08 2024          ;
; Quartus Prime Version              ; 23.1std.1 Build 993 05/14/2024 SC Lite Edition ;
; Revision Name                      ; vga_char                                       ;
; Top-level Entity Name              ; vga_pic                                        ;
; Family                             ; Cyclone IV E                                   ;
; Device                             ; EP4CE10F17C8                                   ;
; Timing Models                      ; Final                                          ;
; Total logic elements               ; 437 / 10,320 ( 4 % )                           ;
;     Total combinational functions  ; 426 / 10,320 ( 4 % )                           ;
;     Dedicated logic registers      ; 12 / 10,320 ( < 1 % )                          ;
; Total registers                    ; 12                                             ;
; Total pins                         ; 38 / 180 ( 21 % )                              ;
; Total virtual pins                 ; 0                                              ;
; Total memory bits                  ; 0 / 423,936 ( 0 % )                            ;
; Embedded Multiplier 9-bit elements ; 0 / 46 ( 0 % )                                 ;
; Total PLLs                         ; 0 / 2 ( 0 % )                                  ;
+------------------------------------+------------------------------------------------+


+-----------------------------------------+
; Flow Settings                           ;
+-------------------+---------------------+
; Option            ; Setting             ;
+-------------------+---------------------+
; Start date & time ; 11/23/2024 13:32:43 ;
; Main task         ; Compilation         ;
; Revision Name     ; vga_char            ;
+-------------------+---------------------+


+---------------------------------------------------------------------------------------------------------------------------------------------------------+
; Flow Non-Default Global Settings                                                                                                                        ;
+--------------------------------------+------------------------------------------------+---------------+-------------+-----------------------------------+
; Assignment Name                      ; Value                                          ; Default Value ; Entity Name ; Section Id                        ;
+--------------------------------------+------------------------------------------------+---------------+-------------+-----------------------------------+
; COMPILER_SIGNATURE_ID                ; 176099064449083.173233996316932                ; --            ; --          ; --                                ;
; EDA_DESIGN_INSTANCE_NAME             ; NA                                             ; --            ; --          ; tb_vga_ctrl                       ;
; EDA_GENERATE_FUNCTIONAL_NETLIST      ; Off                                            ; --            ; --          ; eda_board_design_timing           ;
; EDA_GENERATE_FUNCTIONAL_NETLIST      ; Off                                            ; --            ; --          ; eda_board_design_boundary_scan    ;
; EDA_GENERATE_FUNCTIONAL_NETLIST      ; Off                                            ; --            ; --          ; eda_board_design_signal_integrity ;
; EDA_GENERATE_FUNCTIONAL_NETLIST      ; Off                                            ; --            ; --          ; eda_board_design_symbol           ;
; EDA_NATIVELINK_SIMULATION_TEST_BENCH ; tb_vga_ctrl                                    ; --            ; --          ; eda_simulation                    ;
; EDA_NETLIST_WRITER_OUTPUT_DIR        ; C:/FPGA_Laboratory/Lab4/VGA_diaplay/Sim/questa ; --            ; --          ; eda_simulation                    ;
; EDA_OUTPUT_DATA_FORMAT               ; Verilog Hdl                                    ; --            ; --          ; eda_simulation                    ;
; EDA_SIMULATION_TOOL                  ; Questa Intel FPGA (Verilog)                    ; <None>        ; --          ; --                                ;
; EDA_TEST_BENCH_ENABLE_STATUS         ; TEST_BENCH_MODE                                ; --            ; --          ; eda_simulation                    ;
; EDA_TEST_BENCH_FILE                  ; ../Sim/tb_vga_ctrl.v                           ; --            ; --          ; tb_vga_ctrl                       ;
; EDA_TEST_BENCH_FILE                  ; ../RTL/vga_ctrl.v                              ; --            ; --          ; tb_vga_ctrl                       ;
; EDA_TEST_BENCH_FILE                  ; ip_core/clk_gen/clk_gen.v                      ; --            ; --          ; tb_vga_ctrl                       ;
; EDA_TEST_BENCH_MODULE_NAME           ; tb_vga_ctrl                                    ; --            ; --          ; tb_vga_ctrl                       ;
; EDA_TEST_BENCH_NAME                  ; tb_vga_ctrl                                    ; --            ; --          ; eda_simulation                    ;
; EDA_TEST_BENCH_RUN_SIM_FOR           ; 1 us                                           ; --            ; --          ; tb_vga_ctrl                       ;
; EDA_TIME_SCALE                       ; 1 ps                                           ; --            ; --          ; eda_simulation                    ;
; MAX_CORE_JUNCTION_TEMP               ; 85                                             ; --            ; --          ; --                                ;
; MIN_CORE_JUNCTION_TEMP               ; 0                                              ; --            ; --          ; --                                ;
; MISC_FILE                            ; ip_core/clk_gen/clk_gen_inst.v                 ; --            ; --          ; --                                ;
; MISC_FILE                            ; ip_core/clk_gen/clk_gen.ppf                    ; --            ; --          ; --                                ;
; NOMINAL_CORE_SUPPLY_VOLTAGE          ; 1.2V                                           ; --            ; --          ; --                                ;
; OUTPUT_IO_TIMING_FAR_END_VMEAS       ; Half Signal Swing                              ; --            ; --          ; --                                ;
; OUTPUT_IO_TIMING_FAR_END_VMEAS       ; Half Signal Swing                              ; --            ; --          ; --                                ;
; OUTPUT_IO_TIMING_NEAR_END_VMEAS      ; Half Vccio                                     ; --            ; --          ; --                                ;
; OUTPUT_IO_TIMING_NEAR_END_VMEAS      ; Half Vccio                                     ; --            ; --          ; --                                ;
; PARTITION_COLOR                      ; -- (Not supported for targeted family)         ; --            ; vga_pic     ; Top                               ;
; PARTITION_FITTER_PRESERVATION_LEVEL  ; -- (Not supported for targeted family)         ; --            ; vga_pic     ; Top                               ;
; PARTITION_NETLIST_TYPE               ; -- (Not supported for targeted family)         ; --            ; vga_pic     ; Top                               ;
; POWER_BOARD_THERMAL_MODEL            ; None (CONSERVATIVE)                            ; --            ; --          ; --                                ;
; POWER_PRESET_COOLING_SOLUTION        ; 23 MM HEAT SINK WITH 200 LFPM AIRFLOW          ; --            ; --          ; --                                ;
; PROJECT_OUTPUT_DIRECTORY             ; output_files                                   ; --            ; --          ; --                                ;
; TOP_LEVEL_ENTITY                     ; vga_pic                                        ; vga_char      ; --          ; --                                ;
+--------------------------------------+------------------------------------------------+---------------+-------------+-----------------------------------+


+--------------------------------------------------------------------------------------------------------------------------+
; Flow Elapsed Time                                                                                                        ;
+----------------------+--------------+-------------------------+---------------------+------------------------------------+
; Module Name          ; Elapsed Time ; Average Processors Used ; Peak Virtual Memory ; Total CPU Time (on all processors) ;
+----------------------+--------------+-------------------------+---------------------+------------------------------------+
; Analysis & Synthesis ; 00:00:11     ; 1.0                     ; 4800 MB             ; 00:00:07                           ;
; Fitter               ; 00:00:06     ; 1.1                     ; 6105 MB             ; 00:00:02                           ;
; Assembler            ; 00:00:01     ; 1.0                     ; 4693 MB             ; 00:00:00                           ;
; Timing Analyzer      ; 00:00:02     ; 1.1                     ; 4840 MB             ; 00:00:01                           ;
; EDA Netlist Writer   ; 00:00:01     ; 1.0                     ; 4639 MB             ; 00:00:00                           ;
; Total                ; 00:00:21     ; --                      ; --                  ; 00:00:10                           ;
+----------------------+--------------+-------------------------+---------------------+------------------------------------+


+------------------------------------------------------------------------------------+
; Flow OS Summary                                                                    ;
+----------------------+------------------+------------+------------+----------------+
; Module Name          ; Machine Hostname ; OS Name    ; OS Version ; Processor type ;
+----------------------+------------------+------------+------------+----------------+
; Analysis & Synthesis ; Ansen            ; Windows 10 ; 10.0       ; x86_64         ;
; Fitter               ; Ansen            ; Windows 10 ; 10.0       ; x86_64         ;
; Assembler            ; Ansen            ; Windows 10 ; 10.0       ; x86_64         ;
; Timing Analyzer      ; Ansen            ; Windows 10 ; 10.0       ; x86_64         ;
; EDA Netlist Writer   ; Ansen            ; Windows 10 ; 10.0       ; x86_64         ;
+----------------------+------------------+------------+------------+----------------+


------------
; Flow Log ;
------------
quartus_map --read_settings_files=on --write_settings_files=off vga_char -c vga_char
quartus_fit --read_settings_files=off --write_settings_files=off vga_char -c vga_char
quartus_asm --read_settings_files=off --write_settings_files=off vga_char -c vga_char
quartus_sta vga_char -c vga_char
quartus_eda --read_settings_files=off --write_settings_files=off vga_char -c vga_char



